<?xml version="1.0" encoding="UTF-8"?>
<!-- Generated by org.testng.reporters.JUnitReportReporter -->
<testsuite hostname="QT-INBG-LT0663" failures="0" tests="1" name="mobileworld.signup" time="6.345" errors="0" timestamp="2022-09-16T14:54:18 IST" skipped="0">
  <testcase classname="mobileworld.signup" name="launchBrowser" time="6.345"/>
  <system-out/>
</testsuite> <!-- mobileworld.signup -->
