<?xml version="1.0" encoding="UTF-8"?>
<!-- Generated by org.testng.reporters.JUnitReportReporter -->
<testsuite hostname="QT-INBG-LT0663" failures="0" tests="1" name="mobileworld.Ordermob" time="17.850" errors="0" timestamp="2022-09-16T15:14:17 IST" skipped="0">
  <testcase classname="mobileworld.Ordermob" name="fName" time="17.850"/>
  <system-out/>
</testsuite> <!-- mobileworld.Ordermob -->
