<?xml version="1.0" encoding="UTF-8"?>
<!-- Generated by org.testng.reporters.JUnitReportReporter -->
<testsuite hostname="QT-INBG-LT0663" failures="0" tests="1" name="mobileworld.Signin" time="11.440" errors="0" timestamp="2022-09-16T14:54:18 IST" skipped="0">
  <testcase classname="mobileworld.Signin" name="launchBrowser" time="11.440"/>
  <system-out/>
</testsuite> <!-- mobileworld.Signin -->
